#
# There is insufficient memory for the Java Runtime Environment to continue.
# Native memory allocation (mmap) failed to map 264241152 bytes for G1 virtual space
# Possible reasons:
#   The system is out of physical RAM or swap space
#   The process is running with CompressedOops enabled, and the Java Heap may be blocking the growth of the native heap
# Possible solutions:
#   Reduce memory load on the system
#   Increase physical memory or swap space
#   Check if swap backing store is full
#   Decrease Java heap size (-Xmx/-Xms)
#   Decrease number of Java threads
#   Decrease Java thread stack sizes (-Xss)
#   Set larger code cache with -XX:ReservedCodeCacheSize=
#   JVM is running with Zero Based Compressed Oops mode in which the Java heap is
#     placed in the first 32GB address space. The Java Heap base address is the
#     maximum limit for the native heap growth. Please use -XX:HeapBaseMinAddress
#     to set the Java Heap base and to place the Java Heap above 32GB virtual address.
# This output file may be truncated or incomplete.
#
#  Out of Memory Error (os_windows.cpp:3613), pid=24028, tid=61980
#
# JRE version:  (17.0.9+9) (build )
# Java VM: OpenJDK 64-Bit Server VM (17.0.9+9, mixed mode, sharing, tiered, compressed oops, compressed class ptrs, g1 gc, windows-amd64)
# No core dump will be written. Minidumps are not enabled by default on client versions of Windows
#

---------------  S U M M A R Y ------------

Command Line: -Dfile.encoding=UTF-8 -Dstdout.encoding=UTF-8 -Dstderr.encoding=UTF-8 -XX:+ShowCodeDetailsInExceptionMessages Tables

Host: 11th Gen Intel(R) Core(TM) i7-11850H @ 2.50GHz, 16 cores, 15G,  Windows 11 , 64 bit Build 22621 (10.0.22621.2506)
Time: Wed Feb 14 23:35:27 2024 Arab Standard Time elapsed time: 0.025475 seconds (0d 0h 0m 0s)

---------------  T H R E A D  ---------------

Current thread (0x00000171e403f220):  JavaThread "Unknown thread" [_thread_in_vm, id=61980, stack(0x0000005a07f00000,0x0000005a08000000)]

Stack: [0x0000005a07f00000,0x0000005a08000000]
Native frames: (J=compiled Java code, j=interpreted, Vv=VM code, C=native code)
V  [jvm.dll+0x67cf49]
V  [jvm.dll+0x83478a]
V  [jvm.dll+0x83624e]
V  [jvm.dll+0x8368b3]
V  [jvm.dll+0x247f1f]
V  [jvm.dll+0x679d69]
V  [jvm.dll+0x66e6ba]
V  [jvm.dll+0x307e5b]
V  [jvm.dll+0x30f306]
V  [jvm.dll+0x35f0ce]
V  [jvm.dll+0x35f2ff]
V  [jvm.dll+0x2dea58]
V  [jvm.dll+0x2df9c4]
V  [jvm.dll+0x806031]
V  [jvm.dll+0x36cf31]
V  [jvm.dll+0x7e4aac]
V  [jvm.dll+0x3f07af]
V  [jvm.dll+0x3f23e1]
C  [jli.dll+0x528f]
C  [ucrtbase.dll+0x29363]
C  [KERNEL32.DLL+0x1257d]
C  [ntdll.dll+0x5aa58]


---------------  P R O C E S S  ---------------

Threads class SMR info:
_java_thread_list=0x00007ffea1e3ee98, length=0, elements={
}

Java Threads: ( => current thread )

Other Threads:
  0x00000171f6f3efa0 GCTaskThread "GC Thread#0" [stack: 0x0000005a08000000,0x0000005a08100000] [id=27208]
  0x00000171f6f4f820 ConcurrentGCThread "G1 Main Marker" [stack: 0x0000005a08100000,0x0000005a08200000] [id=74476]
  0x00000171f6f50880 ConcurrentGCThread "G1 Conc#0" [stack: 0x0000005a08200000,0x0000005a08300000] [id=20588]

[error occurred during error reporting (printing all threads), id 0xc0000005, EXCEPTION_ACCESS_VIOLATION (0xc0000005) at pc=0x00007ffea15ff497]

VM state: not at safepoint (not fully initialized)

VM Mutex/Monitor currently owned by a thread:  ([mutex/lock_event])
[0x00000171e403cf20] Heap_lock - owner thread: 0x00000171e403f220

Heap address: 0x0000000704800000, size: 4024 MB, Compressed Oops mode: Zero based, Oop shift amount: 3

CDS archive(s) mapped at: [0x0000000000000000-0x0000000000000000-0x0000000000000000), size 0, SharedBaseAddress: 0x0000000800000000, ArchiveRelocationMode: 1.
Narrow klass base: 0x0000000000000000, Narrow klass shift: 0, Narrow klass range: 0x0

GC Precious Log:
<Empty>

Heap:
 garbage-first heap   total 0K, used 0K [0x0000000704800000, 0x0000000800000000)
  region size 2048K, 0 young (0K), 0 survivors (0K)

[error occurred during error reporting (printing heap information), id 0xc0000005, EXCEPTION_ACCESS_VIOLATION (0xc0000005) at pc=0x00007ffea19e6c79]

GC Heap History (0 events):
No events

Dll operation events (1 events):
Event: 0.019 Loaded shared library D:\SHADI_TEST\Software\eclipse-java-2023-12-R-win32-x86_64\eclipse\plugins\org.eclipse.justj.openjdk.hotspot.jre.full.win32.x86_64_17.0.9.v20231028-0858\jre\bin\java.dll

Deoptimization events (0 events):
No events

Classes unloaded (0 events):
No events

Classes redefined (0 events):
No events

Internal exceptions (0 events):
No events

VM Operations (0 events):
No events

Events (0 events):
No events


Dynamic libraries:
0x00007ff6b4800000 - 0x00007ff6b480e000 	D:\SHADI_TEST\Software\eclipse-java-2023-12-R-win32-x86_64\eclipse\plugins\org.eclipse.justj.openjdk.hotspot.jre.full.win32.x86_64_17.0.9.v20231028-0858\jre\bin\javaw.exe
0x00007fff5b210000 - 0x00007fff5b427000 	C:\WINDOWS\SYSTEM32\ntdll.dll
0x00007fff5a2b0000 - 0x00007fff5a374000 	C:\WINDOWS\System32\KERNEL32.DLL
0x00007fff589f0000 - 0x00007fff58d96000 	C:\WINDOWS\System32\KERNELBASE.dll
0x00007fff50d60000 - 0x00007fff50df7000 	C:\WINDOWS\SYSTEM32\apphelp.dll
0x00007fff58da0000 - 0x00007fff58eb1000 	C:\WINDOWS\System32\ucrtbase.dll
0x00007fff4b130000 - 0x00007fff4b14b000 	D:\SHADI_TEST\Software\eclipse-java-2023-12-R-win32-x86_64\eclipse\plugins\org.eclipse.justj.openjdk.hotspot.jre.full.win32.x86_64_17.0.9.v20231028-0858\jre\bin\VCRUNTIME140.dll
0x00007fff46540000 - 0x00007fff46557000 	D:\SHADI_TEST\Software\eclipse-java-2023-12-R-win32-x86_64\eclipse\plugins\org.eclipse.justj.openjdk.hotspot.jre.full.win32.x86_64_17.0.9.v20231028-0858\jre\bin\jli.dll
0x00007fff5acf0000 - 0x00007fff5ae9e000 	C:\WINDOWS\System32\USER32.dll
0x00007fff58550000 - 0x00007fff58576000 	C:\WINDOWS\System32\win32u.dll
0x00007fff59a00000 - 0x00007fff59a29000 	C:\WINDOWS\System32\GDI32.dll
0x00007fff58580000 - 0x00007fff58698000 	C:\WINDOWS\System32\gdi32full.dll
0x00007fff3a990000 - 0x00007fff3ac23000 	C:\WINDOWS\WinSxS\amd64_microsoft.windows.common-controls_6595b64144ccf1df_6.0.22621.2506_none_270c5ae97388e100\COMCTL32.dll
0x00007fff58ec0000 - 0x00007fff58f5a000 	C:\WINDOWS\System32\msvcp_win.dll
0x00007fff5aea0000 - 0x00007fff5af47000 	C:\WINDOWS\System32\msvcrt.dll
0x00007fff5a0e0000 - 0x00007fff5a111000 	C:\WINDOWS\System32\IMM32.DLL
0x00007fff4b8a0000 - 0x00007fff4baa2000 	C:\WINDOWS\system32\tmumh\20019\AddOn\8.55.0.1288\TmUmEvt64.dll
0x00007fff5b050000 - 0x00007fff5b058000 	C:\WINDOWS\System32\PSAPI.DLL
0x00007fff58f60000 - 0x00007fff59013000 	C:\WINDOWS\System32\ADVAPI32.dll
0x00007fff5b0b0000 - 0x00007fff5b158000 	C:\WINDOWS\System32\sechost.dll
0x00007fff58760000 - 0x00007fff58788000 	C:\WINDOWS\System32\bcrypt.dll
0x00007fff59ab0000 - 0x00007fff59bc7000 	C:\WINDOWS\System32\RPCRT4.dll
0x000000006ecd0000 - 0x000000006ee67000 	C:\WINDOWS\system32\tmumh\20019\TmMon\2.9.0.1084\tmmon64.dll
0x00007fff26ec0000 - 0x00007fff271fd000 	C:\WINDOWS\System32\TmLWE\TmUmSnsr64\1.0.0.1127\TmUmSnsr64.dll
0x0000000068000000 - 0x0000000068072000 	C:\WINDOWS\System32\QIPCAP64.dll
0x00007fff591a0000 - 0x00007fff599fa000 	C:\WINDOWS\System32\SHELL32.dll
0x00007fff56d60000 - 0x00007fff56e59000 	C:\WINDOWS\SYSTEM32\DNSAPI.dll
0x00007fff56d30000 - 0x00007fff56d5d000 	C:\WINDOWS\SYSTEM32\IPHLPAPI.DLL
0x00007fff59bd0000 - 0x00007fff59bd9000 	C:\WINDOWS\System32\NSI.dll
0x00007fff574e0000 - 0x00007fff574f8000 	C:\WINDOWS\SYSTEM32\kernel.appcore.dll
0x00007fff4dc60000 - 0x00007fff4dc6c000 	D:\SHADI_TEST\Software\eclipse-java-2023-12-R-win32-x86_64\eclipse\plugins\org.eclipse.justj.openjdk.hotspot.jre.full.win32.x86_64_17.0.9.v20231028-0858\jre\bin\vcruntime140_1.dll
0x00007fff1a710000 - 0x00007fff1a79d000 	D:\SHADI_TEST\Software\eclipse-java-2023-12-R-win32-x86_64\eclipse\plugins\org.eclipse.justj.openjdk.hotspot.jre.full.win32.x86_64_17.0.9.v20231028-0858\jre\bin\msvcp140.dll
0x00007ffea1310000 - 0x00007ffea1f71000 	D:\SHADI_TEST\Software\eclipse-java-2023-12-R-win32-x86_64\eclipse\plugins\org.eclipse.justj.openjdk.hotspot.jre.full.win32.x86_64_17.0.9.v20231028-0858\jre\bin\server\jvm.dll
0x00007fff572e0000 - 0x00007fff5732d000 	C:\WINDOWS\SYSTEM32\POWRPROF.dll
0x00007fff27820000 - 0x00007fff27829000 	C:\WINDOWS\SYSTEM32\WSOCK32.dll
0x00007fff59a30000 - 0x00007fff59aa1000 	C:\WINDOWS\System32\WS2_32.dll
0x00007fff4d510000 - 0x00007fff4d544000 	C:\WINDOWS\SYSTEM32\WINMM.dll
0x00007fff4c450000 - 0x00007fff4c45a000 	C:\WINDOWS\SYSTEM32\VERSION.dll
0x00007fff572c0000 - 0x00007fff572d3000 	C:\WINDOWS\SYSTEM32\UMPDC.dll
0x00007fff4d010000 - 0x00007fff4d01a000 	D:\SHADI_TEST\Software\eclipse-java-2023-12-R-win32-x86_64\eclipse\plugins\org.eclipse.justj.openjdk.hotspot.jre.full.win32.x86_64_17.0.9.v20231028-0858\jre\bin\jimage.dll
0x00007fff55cd0000 - 0x00007fff55f03000 	C:\WINDOWS\SYSTEM32\DBGHELP.DLL
0x00007fff5a4e0000 - 0x00007fff5a869000 	C:\WINDOWS\System32\combase.dll
0x00007fff5a1d0000 - 0x00007fff5a2a7000 	C:\WINDOWS\System32\OLEAUT32.dll
0x00007fff4bc30000 - 0x00007fff4bc62000 	C:\WINDOWS\SYSTEM32\dbgcore.DLL
0x00007fff58790000 - 0x00007fff5880a000 	C:\WINDOWS\System32\bcryptPrimitives.dll
0x00007fff46590000 - 0x00007fff465b5000 	D:\SHADI_TEST\Software\eclipse-java-2023-12-R-win32-x86_64\eclipse\plugins\org.eclipse.justj.openjdk.hotspot.jre.full.win32.x86_64_17.0.9.v20231028-0858\jre\bin\java.dll

dbghelp: loaded successfully - version: 4.0.5 - missing functions: none
symbol engine: initialized successfully - sym options: 0x614 - pdb path: .;D:\SHADI_TEST\Software\eclipse-java-2023-12-R-win32-x86_64\eclipse\plugins\org.eclipse.justj.openjdk.hotspot.jre.full.win32.x86_64_17.0.9.v20231028-0858\jre\bin;C:\WINDOWS\SYSTEM32;C:\WINDOWS\WinSxS\amd64_microsoft.windows.common-controls_6595b64144ccf1df_6.0.22621.2506_none_270c5ae97388e100;C:\WINDOWS\system32\tmumh\20019\AddOn\8.55.0.1288;C:\WINDOWS\system32\tmumh\20019\TmMon\2.9.0.1084;C:\WINDOWS\System32\TmLWE\TmUmSnsr64\1.0.0.1127;D:\SHADI_TEST\Software\eclipse-java-2023-12-R-win32-x86_64\eclipse\plugins\org.eclipse.justj.openjdk.hotspot.jre.full.win32.x86_64_17.0.9.v20231028-0858\jre\bin\server

VM Arguments:
jvm_args: -Dfile.encoding=UTF-8 -Dstdout.encoding=UTF-8 -Dstderr.encoding=UTF-8 -XX:+ShowCodeDetailsInExceptionMessages 
java_command: Tables
java_class_path (initial): C:\Users\Administrator\eclipse-workspace\ShadiProject\target\classes;C:\Users\Administrator\.m2\repository\org\seleniumhq\selenium\selenium-chrome-driver\4.17.0\selenium-chrome-driver-4.17.0.jar;C:\Users\Administrator\.m2\repository\org\seleniumhq\selenium\selenium-api\4.17.0\selenium-api-4.17.0.jar;C:\Users\Administrator\.m2\repository\org\seleniumhq\selenium\selenium-chrome-driver\3.141.59\selenium-chrome-driver-3.141.59.jar;C:\Users\Administrator\.m2\repository\org\seleniumhq\selenium\selenium-api\3.141.59\selenium-api-3.141.59.jar;C:\Users\Administrator\.m2\repository\org\seleniumhq\selenium\selenium-java\4.17.0\selenium-java-4.17.0.jar;C:\Users\Administrator\.m2\repository\com\google\auto\service\auto-service-annotations\1.1.1\auto-service-annotations-1.1.1.jar;C:\Users\Administrator\.m2\repository\org\seleniumhq\selenium\selenium-chromium-driver\4.17.0\selenium-chromium-driver-4.17.0.jar;C:\Users\Administrator\.m2\repository\org\seleniumhq\selenium\selenium-json\4.17.0\selenium-json-4.17.0.jar;C:\Users\Administrator\.m2\repository\org\seleniumhq\selenium\selenium-manager\4.17.0\selenium-manager-4.17.0.jar;C:\Users\Administrator\.m2\repository\org\seleniumhq\selenium\selenium-devtools-v119\4.17.0\selenium-devtools-v119-4.17.0.jar;C:\Users\Administrator\.m2\repository\org\seleniumhq\selenium\selenium-devtools-v120\4.17.0\selenium-devtools-v120-4.17.0.jar;C:\Users\Administrator\.m2\repository\org\seleniumhq\selenium\selenium-devtools-v121\4.17.0\selenium-devtools-v121-4.17.0.jar;C:\Users\Administrator\.m2\repository\org\seleniumhq\selenium\selenium-devtools-v85\4.17.0\selenium-devtools-v85-4.17.0.jar;C:\Users\Administrator\.m2\repository\org\seleniumhq\selenium\selenium-edge-driver\4.17.0\selenium-edge-driver-4.17.0.jar;C:\Users\Administrator\.m2\repository\org\seleniumhq\selenium\selenium-firefox-driver\4.17.0\selenium-firefox-driver-4.17.0.jar;C:\Users\Administrator\.m2\repository\org\seleniumhq\selenium\selenium-http\4.17.0\seleniu
Launcher Type: SUN_STANDARD

[Global flags]
     intx CICompilerCount                          = 12                                        {product} {ergonomic}
     uint ConcGCThreads                            = 3                                         {product} {ergonomic}
     uint G1ConcRefinementThreads                  = 13                                        {product} {ergonomic}
   size_t G1HeapRegionSize                         = 2097152                                   {product} {ergonomic}
    uintx GCDrainStackTargetSize                   = 64                                        {product} {ergonomic}
   size_t InitialHeapSize                          = 264241152                                 {product} {ergonomic}
   size_t MarkStackSize                            = 4194304                                   {product} {ergonomic}
   size_t MaxHeapSize                              = 4219469824                                {product} {ergonomic}
   size_t MinHeapDeltaBytes                        = 2097152                                   {product} {ergonomic}
   size_t MinHeapSize                              = 8388608                                   {product} {ergonomic}
    uintx NonNMethodCodeHeapSize                   = 7602480                                {pd product} {ergonomic}
    uintx NonProfiledCodeHeapSize                  = 122027880                              {pd product} {ergonomic}
    uintx ProfiledCodeHeapSize                     = 122027880                              {pd product} {ergonomic}
    uintx ReservedCodeCacheSize                    = 251658240                              {pd product} {ergonomic}
     bool SegmentedCodeCache                       = true                                      {product} {ergonomic}
     bool ShowCodeDetailsInExceptionMessages       = true                                   {manageable} {command line}
   size_t SoftMaxHeapSize                          = 4219469824                             {manageable} {ergonomic}
     bool UseCompressedClassPointers               = true                           {product lp64_product} {ergonomic}
     bool UseCompressedOops                        = true                           {product lp64_product} {ergonomic}
     bool UseG1GC                                  = true                                      {product} {ergonomic}
     bool UseLargePagesIndividualAllocation        = false                                  {pd product} {ergonomic}

Logging:
Log output configuration:
 #0: stdout all=warning uptime,level,tags
 #1: stderr all=off uptime,level,tags

Environment Variables:
JAVA_HOME=C:\Program Files\Java\jdk-21
PATH=D:/SHADI_TEST/Software/eclipse-java-2023-12-R-win32-x86_64/eclipse//plugins/org.eclipse.justj.openjdk.hotspot.jre.full.win32.x86_64_17.0.9.v20231028-0858/jre/bin/server;D:/SHADI_TEST/Software/eclipse-java-2023-12-R-win32-x86_64/eclipse//plugins/org.eclipse.justj.openjdk.hotspot.jre.full.win32.x86_64_17.0.9.v20231028-0858/jre/bin;C:\Program Files\Common Files\Oracle\Java\javapath;C:\Python311\Scripts\;C:\Python311\;C:\Program Files (x86)\Common Files\Oracle\Java\javapath;D:\app\client\Administrator\product\12.2.0\client_1\bin;D:\app\Administrator\product\12.2.0\client_1;D:\app\Administrator\product\11.2.0\client_2\bin;D:\app\Administrator\product\11.2.0\client_4;D:\app\Administrator\product\11.2.0\client_3;D:\app\Administrator\product\11.2.0\client_1\bin;C:\ProgramData\Oracle\Java\javapath;C:\WINDOWS\system32;C:\WINDOWS;C:\WINDOWS\System32\Wbem;C:\WINDOWS\System32\WindowsPowerShell\v1.0\;C:\WINDOWS\System32\OpenSSH\;D:\Automation\apache-maven-3.9.2-bin\apache-maven-3.9.2\bin;C:\Program Files (x86)\EPSON\BankDriver\;C:\Program Files\nodejs\;C:\ProgramData\chocolatey\bin;C:\Program Files\Java\jdk-21\bin;C:\Users\Administrator\AppData\Local\Microsoft\WindowsApps;C:\Users\Administrator\AppData\Roaming\npm;D:\SHADI_TEST\Software\eclipse-java-2023-12-R-win32-x86_64\eclipse;
USERNAME=Administrator
OS=Windows_NT
PROCESSOR_IDENTIFIER=Intel64 Family 6 Model 141 Stepping 1, GenuineIntel
TMP=C:\Users\ADMINI~1\AppData\Local\Temp
TEMP=C:\Users\ADMINI~1\AppData\Local\Temp



Periodic native trim disabled


---------------  S Y S T E M  ---------------

OS:
 Windows 11 , 64 bit Build 22621 (10.0.22621.2506)
OS uptime: 11 days 13:37 hours

CPU: total 16 (initial active 16) (8 cores per cpu, 2 threads per core) family 6 model 141 stepping 1 microcode 0x3e, cx8, cmov, fxsr, ht, mmx, 3dnowpref, sse, sse2, sse3, ssse3, sse4.1, sse4.2, popcnt, lzcnt, tsc, tscinvbit, avx, avx2, aes, erms, clmul, bmi1, bmi2, adx, avx512f, avx512dq, avx512cd, avx512bw, avx512vl, sha, fma, vzeroupper, avx512_vpopcntdq, avx512_vpclmulqdq, avx512_vaes, avx512_vnni, clflush, clflushopt, clwb, avx512_vbmi2, avx512_vbmi
Processor Information for all 16 processors :
  Max Mhz: 2496, Current Mhz: 2496, Mhz Limit: 2496

Memory: 4k page, system-wide physical 16091M (1183M free)
TotalPageFile size 45769M (AvailPageFile size 32M)
current process WorkingSet (physical memory assigned to process): 18M, peak: 18M
current process commit charge (" bytes"): 76M, peak: 328M

vm_info: OpenJDK 64-Bit Server VM (17.0.9+9) for windows-amd64 JRE (17.0.9+9), built on Oct 26 2023 14:01:42 by "admin" with MS VC++ 16.10 / 16.11 (VS2019)

END.
